# JRE version: Java(TM) SE Runtime Environment (8.0_202-b08) (build 1.8.0_202-b08)
# Java VM: Java HotSpot(TM) 64-Bit Server VM (25.202-b08 mixed mode windows-amd64 compressed oops)
Heap:
 PSYoungGen      total 295936K, used 44113K [0x00000000e0780000, 0x00000000f3b80000, 0x0000000100000000)
  eden space 276480K, 15% used [0x00000000e0780000,0x00000000e32944d0,0x00000000f1580000)
  from space 19456K, 0% used [0x00000000f1580000,0x00000000f1580000,0x00000000f2880000)
  to   space 13312K, 0% used [0x00000000f2e80000,0x00000000f2e80000,0x00000000f3b80000)
 ParOldGen       total 77312K, used 24426K [0x00000000a1600000, 0x00000000a6180000, 0x00000000e0780000)
  object space 77312K, 31% used [0x00000000a1600000,0x00000000a2dda8c8,0x00000000a6180000)
 Metaspace       used 56078K, capacity 59998K, committed 60248K, reserved 1101824K
  class space    used 7762K, capacity 8452K, committed 8576K, reserved 1048576K
GC Heap History (10 events):
Event: 18.336 GC heap before
{Heap before GC invocations=10 (full 1):
 PSYoungGen      total 197120K, used 160140K [0x00000000e0780000, 0x00000000ed980000, 0x0000000100000000)
  eden space 187904K, 80% used [0x00000000e0780000,0x00000000e9aea198,0x00000000ebf00000)
  from space 9216K, 99% used [0x00000000ed080000,0x00000000ed979178,0x00000000ed980000)
  to   space 11264K, 0% used [0x00000000ec380000,0x00000000ec380000,0x00000000ece80000)
 ParOldGen       total 36864K, used 7467K [0x00000000a1600000, 0x00000000a3a00000, 0x00000000e0780000)
  object space 36864K, 20% used [0x00000000a1600000,0x00000000a1d4ae10,0x00000000a3a00000)
 Metaspace       used 33116K, capacity 35378K, committed 35416K, reserved 1079296K
  class space    used 4306K, capacity 4728K, committed 4736K, reserved 1048576K
Event: 18.376 GC heap after
Heap after GC invocations=10 (full 1):
 PSYoungGen      total 203776K, used 11247K [0x00000000e0780000, 0x00000000f3b80000, 0x0000000100000000)
  eden space 192512K, 0% used [0x00000000e0780000,0x00000000e0780000,0x00000000ec380000)
  from space 11264K, 99% used [0x00000000ec380000,0x00000000ece7bfd0,0x00000000ece80000)
  to   space 13312K, 0% used [0x00000000f2e80000,0x00000000f2e80000,0x00000000f3b80000)
 ParOldGen       total 36864K, used 8150K [0x00000000a1600000, 0x00000000a3a00000, 0x00000000e0780000)
  object space 36864K, 22% used [0x00000000a1600000,0x00000000a1df59e8,0x00000000a3a00000)
 Metaspace       used 33116K, capacity 35378K, committed 35416K, reserved 1079296K
  class space    used 4306K, capacity 4728K, committed 4736K, reserved 1048576K
}
Event: 18.376 GC heap before
{Heap before GC invocations=11 (full 2):
 PSYoungGen      total 203776K, used 11247K [0x00000000e0780000, 0x00000000f3b80000, 0x0000000100000000)
  eden space 192512K, 0% used [0x00000000e0780000,0x00000000e0780000,0x00000000ec380000)
  from space 11264K, 99% used [0x00000000ec380000,0x00000000ece7bfd0,0x00000000ece80000)
  to   space 13312K, 0% used [0x00000000f2e80000,0x00000000f2e80000,0x00000000f3b80000)
 ParOldGen       total 36864K, used 8150K [0x00000000a1600000, 0x00000000a3a00000, 0x00000000e0780000)
  object space 36864K, 22% used [0x00000000a1600000,0x00000000a1df59e8,0x00000000a3a00000)
 Metaspace       used 33116K, capacity 35378K, committed 35416K, reserved 1079296K
  class space    used 4306K, capacity 4728K, committed 4736K, reserved 1048576K
Event: 18.495 GC heap after
Heap after GC invocations=11 (full 2):
 PSYoungGen      total 203776K, used 0K [0x00000000e0780000, 0x00000000f3b80000, 0x0000000100000000)
  eden space 192512K, 0% used [0x00000000e0780000,0x00000000e0780000,0x00000000ec380000)
  from space 11264K, 0% used [0x00000000ec380000,0x00000000ec380000,0x00000000ece80000)
  to   space 13312K, 0% used [0x00000000f2e80000,0x00000000f2e80000,0x00000000f3b80000)
 ParOldGen       total 53760K, used 16368K [0x00000000a1600000, 0x00000000a4a80000, 0x00000000e0780000)
  object space 53760K, 30% used [0x00000000a1600000,0x00000000a25fc250,0x00000000a4a80000)
 Metaspace       used 33116K, capacity 35378K, committed 35416K, reserved 1079296K
  class space    used 4306K, capacity 4728K, committed 4736K, reserved 1048576K
}
Event: 25.182 GC heap before
{Heap before GC invocations=12 (full 2):
 PSYoungGen      total 203776K, used 192512K [0x00000000e0780000, 0x00000000f3b80000, 0x0000000100000000)
  eden space 192512K, 100% used [0x00000000e0780000,0x00000000ec380000,0x00000000ec380000)
  from space 11264K, 0% used [0x00000000ec380000,0x00000000ec380000,0x00000000ece80000)
  to   space 13312K, 0% used [0x00000000f2e80000,0x00000000f2e80000,0x00000000f3b80000)
 ParOldGen       total 53760K, used 16368K [0x00000000a1600000, 0x00000000a4a80000, 0x00000000e0780000)
  object space 53760K, 30% used [0x00000000a1600000,0x00000000a25fc250,0x00000000a4a80000)
 Metaspace       used 53947K, capacity 57650K, committed 57816K, reserved 1099776K
  class space    used 7424K, capacity 8088K, committed 8192K, reserved 1048576K
Event: 25.328 GC heap after
Heap after GC invocations=12 (full 2):
 PSYoungGen      total 289792K, used 13290K [0x00000000e0780000, 0x00000000f3b80000, 0x0000000100000000)
  eden space 276480K, 0% used [0x00000000e0780000,0x00000000e0780000,0x00000000f1580000)
  from space 13312K, 99% used [0x00000000f2e80000,0x00000000f3b7aab0,0x00000000f3b80000)
  to   space 19456K, 0% used [0x00000000f1580000,0x00000000f1580000,0x00000000f2880000)
 ParOldGen       total 53760K, used 28194K [0x00000000a1600000, 0x00000000a4a80000, 0x00000000e0780000)
  object space 53760K, 52% used [0x00000000a1600000,0x00000000a3188b38,0x00000000a4a80000)
 Metaspace       used 53947K, capacity 57650K, committed 57816K, reserved 1099776K
  class space    used 7424K, capacity 8088K, committed 8192K, reserved 1048576K
}
Event: 27.498 GC heap before
{Heap before GC invocations=13 (full 2):
 PSYoungGen      total 289792K, used 47502K [0x00000000e0780000, 0x00000000f3b80000, 0x0000000100000000)
  eden space 276480K, 12% used [0x00000000e0780000,0x00000000e28e90b8,0x00000000f1580000)
  from space 13312K, 99% used [0x00000000f2e80000,0x00000000f3b7aab0,0x00000000f3b80000)
  to   space 19456K, 0% used [0x00000000f1580000,0x00000000f1580000,0x00000000f2880000)
 ParOldGen       total 53760K, used 28194K [0x00000000a1600000, 0x00000000a4a80000, 0x00000000e0780000)
  object space 53760K, 52% used [0x00000000a1600000,0x00000000a3188b38,0x00000000a4a80000)
 Metaspace       used 55143K, capacity 58900K, committed 58968K, reserved 1099776K
  class space    used 7598K, capacity 8269K, committed 8320K, reserved 1048576K
Event: 27.536 GC heap after
Heap after GC invocations=13 (full 2):
 PSYoungGen      total 295936K, used 2874K [0x00000000e0780000, 0x00000000f3b80000, 0x0000000100000000)
  eden space 276480K, 0% used [0x00000000e0780000,0x00000000e0780000,0x00000000f1580000)
  from space 19456K, 14% used [0x00000000f1580000,0x00000000f184ea00,0x00000000f2880000)
  to   space 13312K, 0% used [0x00000000f2e80000,0x00000000f2e80000,0x00000000f3b80000)
 ParOldGen       total 53760K, used 37796K [0x00000000a1600000, 0x00000000a4a80000, 0x00000000e0780000)
  object space 53760K, 70% used [0x00000000a1600000,0x00000000a3ae9190,0x00000000a4a80000)
 Metaspace       used 55143K, capacity 58900K, committed 58968K, reserved 1099776K
  class space    used 7598K, capacity 8269K, committed 8320K, reserved 1048576K
}
Event: 27.537 GC heap before
{Heap before GC invocations=14 (full 3):
 PSYoungGen      total 295936K, used 2874K [0x00000000e0780000, 0x00000000f3b80000, 0x0000000100000000)
  eden space 276480K, 0% used [0x00000000e0780000,0x00000000e0780000,0x00000000f1580000)
  from space 19456K, 14% used [0x00000000f1580000,0x00000000f184ea00,0x00000000f2880000)
  to   space 13312K, 0% used [0x00000000f2e80000,0x00000000f2e80000,0x00000000f3b80000)
 ParOldGen       total 53760K, used 37796K [0x00000000a1600000, 0x00000000a4a80000, 0x00000000e0780000)
  object space 53760K, 70% used [0x00000000a1600000,0x00000000a3ae9190,0x00000000a4a80000)
 Metaspace       used 55143K, capacity 58900K, committed 58968K, reserved 1099776K
  class space    used 7598K, capacity 8269K, committed 8320K, reserved 1048576K
Event: 27.921 GC heap after
Heap after GC invocations=14 (full 3):
 PSYoungGen      total 295936K, used 0K [0x00000000e0780000, 0x00000000f3b80000, 0x0000000100000000)
  eden space 276480K, 0% used [0x00000000e0780000,0x00000000e0780000,0x00000000f1580000)
  from space 19456K, 0% used [0x00000000f1580000,0x00000000f1580000,0x00000000f2880000)
  to   space 13312K, 0% used [0x00000000f2e80000,0x00000000f2e80000,0x00000000f3b80000)
 ParOldGen       total 77312K, used 24426K [0x00000000a1600000, 0x00000000a6180000, 0x00000000e0780000)
  object space 77312K, 31% used [0x00000000a1600000,0x00000000a2dda8c8,0x00000000a6180000)
 Metaspace       used 55139K, capacity 58894K, committed 58968K, reserved 1099776K
  class space    used 7598K, capacity 8268K, committed 8320K, reserved 1048576K
}

