# JRE version: Java(TM) SE Runtime Environment (8.0_202-b08) (build 1.8.0_202-b08)
# Java VM: Java HotSpot(TM) 64-Bit Server VM (25.202-b08 mixed mode windows-amd64 compressed oops)
Heap:
 PSYoungGen      total 96256K, used 9998K [0x00000000e0780000, 0x00000000e6e00000, 0x0000000100000000)
  eden space 89600K, 11% used [0x00000000e0780000,0x00000000e11438a0,0x00000000e5f00000)
  from space 6656K, 0% used [0x00000000e6780000,0x00000000e6780000,0x00000000e6e00000)
  to   space 7680K, 0% used [0x00000000e5f00000,0x00000000e5f00000,0x00000000e6680000)
 ParOldGen       total 60416K, used 13041K [0x00000000a1600000, 0x00000000a5100000, 0x00000000e0780000)
  object space 60416K, 21% used [0x00000000a1600000,0x00000000a22bc548,0x00000000a5100000)
 Metaspace       used 33888K, capacity 36372K, committed 36528K, reserved 1081344K
  class space    used 4571K, capacity 5015K, committed 5040K, reserved 1048576K
GC Heap History (10 events):
Event: 14.237 GC heap before
{Heap before GC invocations=10 (full 1):
 PSYoungGen      total 50176K, used 45136K [0x00000000e0780000, 0x00000000e4100000, 0x0000000100000000)
  eden space 43008K, 100% used [0x00000000e0780000,0x00000000e3180000,0x00000000e3180000)
  from space 7168K, 29% used [0x00000000e3900000,0x00000000e3b141e0,0x00000000e4000000)
  to   space 7680K, 0% used [0x00000000e3180000,0x00000000e3180000,0x00000000e3900000)
 ParOldGen       total 39936K, used 5778K [0x00000000a1600000, 0x00000000a3d00000, 0x00000000e0780000)
  object space 39936K, 14% used [0x00000000a1600000,0x00000000a1ba4968,0x00000000a3d00000)
 Metaspace       used 24066K, capacity 25748K, committed 26032K, reserved 1071104K
  class space    used 3131K, capacity 3444K, committed 3504K, reserved 1048576K
Event: 14.245 GC heap after
Heap after GC invocations=10 (full 1):
 PSYoungGen      total 50688K, used 3144K [0x00000000e0780000, 0x00000000e5480000, 0x0000000100000000)
  eden space 43008K, 0% used [0x00000000e0780000,0x00000000e0780000,0x00000000e3180000)
  from space 7680K, 40% used [0x00000000e3180000,0x00000000e3492348,0x00000000e3900000)
  to   space 7680K, 0% used [0x00000000e4d00000,0x00000000e4d00000,0x00000000e5480000)
 ParOldGen       total 39936K, used 5786K [0x00000000a1600000, 0x00000000a3d00000, 0x00000000e0780000)
  object space 39936K, 14% used [0x00000000a1600000,0x00000000a1ba6968,0x00000000a3d00000)
 Metaspace       used 24066K, capacity 25748K, committed 26032K, reserved 1071104K
  class space    used 3131K, capacity 3444K, committed 3504K, reserved 1048576K
}
Event: 17.297 GC heap before
{Heap before GC invocations=11 (full 1):
 PSYoungGen      total 50688K, used 46152K [0x00000000e0780000, 0x00000000e5480000, 0x0000000100000000)
  eden space 43008K, 100% used [0x00000000e0780000,0x00000000e3180000,0x00000000e3180000)
  from space 7680K, 40% used [0x00000000e3180000,0x00000000e3492348,0x00000000e3900000)
  to   space 7680K, 0% used [0x00000000e4d00000,0x00000000e4d00000,0x00000000e5480000)
 ParOldGen       total 39936K, used 5786K [0x00000000a1600000, 0x00000000a3d00000, 0x00000000e0780000)
  object space 39936K, 14% used [0x00000000a1600000,0x00000000a1ba6968,0x00000000a3d00000)
 Metaspace       used 26034K, capacity 27920K, committed 28080K, reserved 1073152K
  class space    used 3392K, capacity 3740K, committed 3760K, reserved 1048576K
Event: 17.317 GC heap after
Heap after GC invocations=11 (full 1):
 PSYoungGen      total 68096K, used 4696K [0x00000000e0780000, 0x00000000e5280000, 0x0000000100000000)
  eden space 62464K, 0% used [0x00000000e0780000,0x00000000e0780000,0x00000000e4480000)
  from space 5632K, 83% used [0x00000000e4d00000,0x00000000e5196130,0x00000000e5280000)
  to   space 7168K, 0% used [0x00000000e4480000,0x00000000e4480000,0x00000000e4b80000)
 ParOldGen       total 39936K, used 6522K [0x00000000a1600000, 0x00000000a3d00000, 0x00000000e0780000)
  object space 39936K, 16% used [0x00000000a1600000,0x00000000a1c5e978,0x00000000a3d00000)
 Metaspace       used 26034K, capacity 27920K, committed 28080K, reserved 1073152K
  class space    used 3392K, capacity 3740K, committed 3760K, reserved 1048576K
}
Event: 21.369 GC heap before
{Heap before GC invocations=12 (full 1):
 PSYoungGen      total 68096K, used 67160K [0x00000000e0780000, 0x00000000e5280000, 0x0000000100000000)
  eden space 62464K, 100% used [0x00000000e0780000,0x00000000e4480000,0x00000000e4480000)
  from space 5632K, 83% used [0x00000000e4d00000,0x00000000e5196130,0x00000000e5280000)
  to   space 7168K, 0% used [0x00000000e4480000,0x00000000e4480000,0x00000000e4b80000)
 ParOldGen       total 39936K, used 6522K [0x00000000a1600000, 0x00000000a3d00000, 0x00000000e0780000)
  object space 39936K, 16% used [0x00000000a1600000,0x00000000a1c5e978,0x00000000a3d00000)
 Metaspace       used 29761K, capacity 31994K, committed 32048K, reserved 1077248K
  class space    used 3932K, capacity 4347K, committed 4400K, reserved 1048576K
Event: 21.428 GC heap after
Heap after GC invocations=12 (full 1):
 PSYoungGen      total 69632K, used 5907K [0x00000000e0780000, 0x00000000e6f00000, 0x0000000100000000)
  eden space 62464K, 0% used [0x00000000e0780000,0x00000000e0780000,0x00000000e4480000)
  from space 7168K, 82% used [0x00000000e4480000,0x00000000e4a44d90,0x00000000e4b80000)
  to   space 7680K, 0% used [0x00000000e6780000,0x00000000e6780000,0x00000000e6f00000)
 ParOldGen       total 39936K, used 8617K [0x00000000a1600000, 0x00000000a3d00000, 0x00000000e0780000)
  object space 39936K, 21% used [0x00000000a1600000,0x00000000a1e6a598,0x00000000a3d00000)
 Metaspace       used 29761K, capacity 31994K, committed 32048K, reserved 1077248K
  class space    used 3932K, capacity 4347K, committed 4400K, reserved 1048576K
}
Event: 23.112 GC heap before
{Heap before GC invocations=13 (full 1):
 PSYoungGen      total 69632K, used 41555K [0x00000000e0780000, 0x00000000e6f00000, 0x0000000100000000)
  eden space 62464K, 57% used [0x00000000e0780000,0x00000000e2a4feb8,0x00000000e4480000)
  from space 7168K, 82% used [0x00000000e4480000,0x00000000e4a44d90,0x00000000e4b80000)
  to   space 7680K, 0% used [0x00000000e6780000,0x00000000e6780000,0x00000000e6f00000)
 ParOldGen       total 39936K, used 8617K [0x00000000a1600000, 0x00000000a3d00000, 0x00000000e0780000)
  object space 39936K, 21% used [0x00000000a1600000,0x00000000a1e6a598,0x00000000a3d00000)
 Metaspace       used 32965K, capacity 35376K, committed 35496K, reserved 1079296K
  class space    used 4365K, capacity 4816K, committed 4912K, reserved 1048576K
Event: 23.125 GC heap after
Heap after GC invocations=13 (full 1):
 PSYoungGen      total 96256K, used 3434K [0x00000000e0780000, 0x00000000e6e00000, 0x0000000100000000)
  eden space 89600K, 0% used [0x00000000e0780000,0x00000000e0780000,0x00000000e5f00000)
  from space 6656K, 51% used [0x00000000e6780000,0x00000000e6ada800,0x00000000e6e00000)
  to   space 7680K, 0% used [0x00000000e5f00000,0x00000000e5f00000,0x00000000e6680000)
 ParOldGen       total 39936K, used 11249K [0x00000000a1600000, 0x00000000a3d00000, 0x00000000e0780000)
  object space 39936K, 28% used [0x00000000a1600000,0x00000000a20fc5a8,0x00000000a3d00000)
 Metaspace       used 32965K, capacity 35376K, committed 35496K, reserved 1079296K
  class space    used 4365K, capacity 4816K, committed 4912K, reserved 1048576K
}
Event: 23.125 GC heap before
{Heap before GC invocations=14 (full 2):
 PSYoungGen      total 96256K, used 3434K [0x00000000e0780000, 0x00000000e6e00000, 0x0000000100000000)
  eden space 89600K, 0% used [0x00000000e0780000,0x00000000e0780000,0x00000000e5f00000)
  from space 6656K, 51% used [0x00000000e6780000,0x00000000e6ada800,0x00000000e6e00000)
  to   space 7680K, 0% used [0x00000000e5f00000,0x00000000e5f00000,0x00000000e6680000)
 ParOldGen       total 39936K, used 11249K [0x00000000a1600000, 0x00000000a3d00000, 0x00000000e0780000)
  object space 39936K, 28% used [0x00000000a1600000,0x00000000a20fc5a8,0x00000000a3d00000)
 Metaspace       used 32965K, capacity 35376K, committed 35496K, reserved 1079296K
  class space    used 4365K, capacity 4816K, committed 4912K, reserved 1048576K
Event: 23.265 GC heap after
Heap after GC invocations=14 (full 2):
 PSYoungGen      total 96256K, used 0K [0x00000000e0780000, 0x00000000e6e00000, 0x0000000100000000)
  eden space 89600K, 0% used [0x00000000e0780000,0x00000000e0780000,0x00000000e5f00000)
  from space 6656K, 0% used [0x00000000e6780000,0x00000000e6780000,0x00000000e6e00000)
  to   space 7680K, 0% used [0x00000000e5f00000,0x00000000e5f00000,0x00000000e6680000)
 ParOldGen       total 60416K, used 13041K [0x00000000a1600000, 0x00000000a5100000, 0x00000000e0780000)
  object space 60416K, 21% used [0x00000000a1600000,0x00000000a22bc548,0x00000000a5100000)
 Metaspace       used 32965K, capacity 35376K, committed 35496K, reserved 1079296K
  class space    used 4365K, capacity 4816K, committed 4912K, reserved 1048576K
}

