# JRE version: Java(TM) SE Runtime Environment (8.0_202-b08) (build 1.8.0_202-b08)
# Java VM: Java HotSpot(TM) 64-Bit Server VM (25.202-b08 mixed mode windows-amd64 compressed oops)
Heap:
 PSYoungGen      total 203264K, used 94389K [0x00000000e0780000, 0x00000000f2000000, 0x0000000100000000)
  eden space 192512K, 49% used [0x00000000e0780000,0x00000000e63ad440,0x00000000ec380000)
  from space 10752K, 0% used [0x00000000ec380000,0x00000000ec380000,0x00000000ece00000)
  to   space 12800K, 0% used [0x00000000f1380000,0x00000000f1380000,0x00000000f2000000)
 ParOldGen       total 56832K, used 16334K [0x00000000a1600000, 0x00000000a4d80000, 0x00000000e0780000)
  object space 56832K, 28% used [0x00000000a1600000,0x00000000a25f3b30,0x00000000a4d80000)
 Metaspace       used 47528K, capacity 50188K, committed 50264K, reserved 1093632K
  class space    used 6514K, capacity 6978K, committed 7040K, reserved 1048576K
GC Heap History (10 events):
Event: 6.335 GC heap before
{Heap before GC invocations=7 (full 0):
 PSYoungGen      total 107008K, used 19231K [0x00000000e0780000, 0x00000000e7980000, 0x0000000100000000)
  eden space 98304K, 13% used [0x00000000e0780000,0x00000000e14b2a08,0x00000000e6780000)
  from space 8704K, 65% used [0x00000000e7100000,0x00000000e7695370,0x00000000e7980000)
  to   space 9216K, 0% used [0x00000000e6780000,0x00000000e6780000,0x00000000e7080000)
 ParOldGen       total 65536K, used 6387K [0x00000000a1600000, 0x00000000a5600000, 0x00000000e0780000)
  object space 65536K, 9% used [0x00000000a1600000,0x00000000a1c3cd78,0x00000000a5600000)
 Metaspace       used 20231K, capacity 21158K, committed 21248K, reserved 1067008K
  class space    used 2545K, capacity 2769K, committed 2816K, reserved 1048576K
Event: 6.367 GC heap after
Heap after GC invocations=7 (full 0):
 PSYoungGen      total 107520K, used 4591K [0x00000000e0780000, 0x00000000ed880000, 0x0000000100000000)
  eden space 98304K, 0% used [0x00000000e0780000,0x00000000e0780000,0x00000000e6780000)
  from space 9216K, 49% used [0x00000000e6780000,0x00000000e6bfbc88,0x00000000e7080000)
  to   space 8704K, 0% used [0x00000000ed000000,0x00000000ed000000,0x00000000ed880000)
 ParOldGen       total 65536K, used 8005K [0x00000000a1600000, 0x00000000a5600000, 0x00000000e0780000)
  object space 65536K, 12% used [0x00000000a1600000,0x00000000a1dd1658,0x00000000a5600000)
 Metaspace       used 20231K, capacity 21158K, committed 21248K, reserved 1067008K
  class space    used 2545K, capacity 2769K, committed 2816K, reserved 1048576K
}
Event: 6.367 GC heap before
{Heap before GC invocations=8 (full 1):
 PSYoungGen      total 107520K, used 4591K [0x00000000e0780000, 0x00000000ed880000, 0x0000000100000000)
  eden space 98304K, 0% used [0x00000000e0780000,0x00000000e0780000,0x00000000e6780000)
  from space 9216K, 49% used [0x00000000e6780000,0x00000000e6bfbc88,0x00000000e7080000)
  to   space 8704K, 0% used [0x00000000ed000000,0x00000000ed000000,0x00000000ed880000)
 ParOldGen       total 65536K, used 8005K [0x00000000a1600000, 0x00000000a5600000, 0x00000000e0780000)
  object space 65536K, 12% used [0x00000000a1600000,0x00000000a1dd1658,0x00000000a5600000)
 Metaspace       used 20231K, capacity 21158K, committed 21248K, reserved 1067008K
  class space    used 2545K, capacity 2769K, committed 2816K, reserved 1048576K
Event: 6.437 GC heap after
Heap after GC invocations=8 (full 1):
 PSYoungGen      total 107520K, used 0K [0x00000000e0780000, 0x00000000ed880000, 0x0000000100000000)
  eden space 98304K, 0% used [0x00000000e0780000,0x00000000e0780000,0x00000000e6780000)
  from space 9216K, 0% used [0x00000000e6780000,0x00000000e6780000,0x00000000e7080000)
  to   space 8704K, 0% used [0x00000000ed000000,0x00000000ed000000,0x00000000ed880000)
 ParOldGen       total 38912K, used 6140K [0x00000000a1600000, 0x00000000a3c00000, 0x00000000e0780000)
  object space 38912K, 15% used [0x00000000a1600000,0x00000000a1bff3b8,0x00000000a3c00000)
 Metaspace       used 20231K, capacity 21158K, committed 21248K, reserved 1067008K
  class space    used 2545K, capacity 2769K, committed 2816K, reserved 1048576K
}
Event: 9.209 GC heap before
{Heap before GC invocations=9 (full 1):
 PSYoungGen      total 107520K, used 98304K [0x00000000e0780000, 0x00000000ed880000, 0x0000000100000000)
  eden space 98304K, 100% used [0x00000000e0780000,0x00000000e6780000,0x00000000e6780000)
  from space 9216K, 0% used [0x00000000e6780000,0x00000000e6780000,0x00000000e7080000)
  to   space 8704K, 0% used [0x00000000ed000000,0x00000000ed000000,0x00000000ed880000)
 ParOldGen       total 38912K, used 6140K [0x00000000a1600000, 0x00000000a3c00000, 0x00000000e0780000)
  object space 38912K, 15% used [0x00000000a1600000,0x00000000a1bff3b8,0x00000000a3c00000)
 Metaspace       used 26956K, capacity 28632K, committed 28672K, reserved 1075200K
  class space    used 3509K, capacity 3815K, committed 3840K, reserved 1048576K
Event: 9.230 GC heap after
Heap after GC invocations=9 (full 1):
 PSYoungGen      total 186880K, used 8672K [0x00000000e0780000, 0x00000000ed880000, 0x0000000100000000)
  eden space 178176K, 0% used [0x00000000e0780000,0x00000000e0780000,0x00000000eb580000)
  from space 8704K, 99% used [0x00000000ed000000,0x00000000ed878290,0x00000000ed880000)
  to   space 10752K, 0% used [0x00000000ec380000,0x00000000ec380000,0x00000000ece00000)
 ParOldGen       total 38912K, used 8011K [0x00000000a1600000, 0x00000000a3c00000, 0x00000000e0780000)
  object space 38912K, 20% used [0x00000000a1600000,0x00000000a1dd2eb0,0x00000000a3c00000)
 Metaspace       used 26956K, capacity 28632K, committed 28672K, reserved 1075200K
  class space    used 3509K, capacity 3815K, committed 3840K, reserved 1048576K
}
Event: 11.835 GC heap before
{Heap before GC invocations=10 (full 1):
 PSYoungGen      total 186880K, used 161757K [0x00000000e0780000, 0x00000000ed880000, 0x0000000100000000)
  eden space 178176K, 85% used [0x00000000e0780000,0x00000000e9cff388,0x00000000eb580000)
  from space 8704K, 99% used [0x00000000ed000000,0x00000000ed878290,0x00000000ed880000)
  to   space 10752K, 0% used [0x00000000ec380000,0x00000000ec380000,0x00000000ece00000)
 ParOldGen       total 38912K, used 8011K [0x00000000a1600000, 0x00000000a3c00000, 0x00000000e0780000)
  object space 38912K, 20% used [0x00000000a1600000,0x00000000a1dd2eb0,0x00000000a3c00000)
 Metaspace       used 33142K, capacity 35390K, committed 35416K, reserved 1079296K
  class space    used 4308K, capacity 4728K, committed 4736K, reserved 1048576K
Event: 11.866 GC heap after
Heap after GC invocations=10 (full 1):
 PSYoungGen      total 203264K, used 10744K [0x00000000e0780000, 0x00000000f2000000, 0x0000000100000000)
  eden space 192512K, 0% used [0x00000000e0780000,0x00000000e0780000,0x00000000ec380000)
  from space 10752K, 99% used [0x00000000ec380000,0x00000000ecdfe0c0,0x00000000ece00000)
  to   space 12800K, 0% used [0x00000000f1380000,0x00000000f1380000,0x00000000f2000000)
 ParOldGen       total 38912K, used 9189K [0x00000000a1600000, 0x00000000a3c00000, 0x00000000e0780000)
  object space 38912K, 23% used [0x00000000a1600000,0x00000000a1ef9548,0x00000000a3c00000)
 Metaspace       used 33142K, capacity 35390K, committed 35416K, reserved 1079296K
  class space    used 4308K, capacity 4728K, committed 4736K, reserved 1048576K
}
Event: 11.866 GC heap before
{Heap before GC invocations=11 (full 2):
 PSYoungGen      total 203264K, used 10744K [0x00000000e0780000, 0x00000000f2000000, 0x0000000100000000)
  eden space 192512K, 0% used [0x00000000e0780000,0x00000000e0780000,0x00000000ec380000)
  from space 10752K, 99% used [0x00000000ec380000,0x00000000ecdfe0c0,0x00000000ece00000)
  to   space 12800K, 0% used [0x00000000f1380000,0x00000000f1380000,0x00000000f2000000)
 ParOldGen       total 38912K, used 9189K [0x00000000a1600000, 0x00000000a3c00000, 0x00000000e0780000)
  object space 38912K, 23% used [0x00000000a1600000,0x00000000a1ef9548,0x00000000a3c00000)
 Metaspace       used 33142K, capacity 35390K, committed 35416K, reserved 1079296K
  class space    used 4308K, capacity 4728K, committed 4736K, reserved 1048576K
Event: 11.964 GC heap after
Heap after GC invocations=11 (full 2):
 PSYoungGen      total 203264K, used 0K [0x00000000e0780000, 0x00000000f2000000, 0x0000000100000000)
  eden space 192512K, 0% used [0x00000000e0780000,0x00000000e0780000,0x00000000ec380000)
  from space 10752K, 0% used [0x00000000ec380000,0x00000000ec380000,0x00000000ece00000)
  to   space 12800K, 0% used [0x00000000f1380000,0x00000000f1380000,0x00000000f2000000)
 ParOldGen       total 56832K, used 16334K [0x00000000a1600000, 0x00000000a4d80000, 0x00000000e0780000)
  object space 56832K, 28% used [0x00000000a1600000,0x00000000a25f3b30,0x00000000a4d80000)
 Metaspace       used 33142K, capacity 35390K, committed 35416K, reserved 1079296K
  class space    used 4308K, capacity 4728K, committed 4736K, reserved 1048576K
}

